TN:
SF:/Users/hgellban/Documents/demo/mochachaiistanbulnycnode/server.js
FN:10,(anonymous_0)
FN:12,(anonymous_1)
FN:22,(anonymous_2)
FN:24,(anonymous_3)
FN:30,(anonymous_4)
FNF:5
FNH:5
FNDA:1,(anonymous_0)
FNDA:1,(anonymous_1)
FNDA:1,(anonymous_2)
FNDA:1,(anonymous_3)
FNDA:1,(anonymous_4)
DA:3,1
DA:4,1
DA:5,1
DA:6,1
DA:7,1
DA:8,1
DA:9,1
DA:10,1
DA:11,1
DA:12,1
DA:13,1
DA:14,0
DA:15,0
DA:17,1
DA:19,1
DA:22,1
DA:23,1
DA:24,1
DA:25,1
DA:26,0
DA:27,0
DA:29,1
DA:30,1
DA:31,1
DA:32,0
DA:33,0
DA:36,1
DA:38,1
DA:42,1
DA:43,1
LF:30
LH:24
BRDA:13,0,0,0
BRDA:13,0,1,1
BRDA:25,1,0,0
BRDA:25,1,1,1
BRDA:31,2,0,0
BRDA:31,2,1,1
BRF:6
BRH:3
end_of_record
